<?xml version="1.0" encoding="UTF-8"?>
<!-- Generated by org.testng.reporters.JUnitReportReporter -->
<testsuite hostname="DESKTOP-OM2QHAP" name="com.orangeHrm.testCases.TC_LoginTest_001" tests="1" failures="0" timestamp="18 Jul 2020 07:04:12 GMT" time="21.891" errors="0">
  <testcase name="loginToOrangeHRMTest" time="21.891" classname="com.orangeHrm.testCases.TC_LoginTest_001"/>
</testsuite> <!-- com.orangeHrm.testCases.TC_LoginTest_001 -->
