<?xml version="1.0" encoding="UTF-8"?>
<!-- Generated by org.testng.reporters.JUnitReportReporter -->
<testsuite hostname="DESKTOP-OM2QHAP" name="com.orangeHrm.testCases.TC_LoginTest_001" tests="1" failures="0" timestamp="26 Jul 2020 08:26:27 GMT" time="36.165" errors="0">
  <testcase name="loginToOrangeHRMTest" time="36.165" classname="com.orangeHrm.testCases.TC_LoginTest_001"/>
</testsuite> <!-- com.orangeHrm.testCases.TC_LoginTest_001 -->
